<?xml version="1.0" encoding="UTF-8"?>
<!-- Generated by org.testng.reporters.JUnitXMLReporter -->
<testsuite hostname="DESKTOP-VKFA5UJ" failures="1" tests="1" name="TestNG" time="0.58" errors="0" timestamp="21 Jan 2022 03:47:13 GMT">
  <testcase classname="com.qa.test.GetApiTest" name="getapiwithoutHeader" time="0.55">
    <failure type="java.lang.AssertionError" message="Status code is not correct expected [201] but found [200]">
      <![CDATA[java.lang.AssertionError: Status code is not correct expected [201] but found [200]
	at com.qa.test.GetApiTest.getapiwithoutHeader(GetApiTest.java:40)
... Removed 28 stack frames]]>
    </failure>
  </testcase> <!-- getapiwithoutHeader -->
</testsuite> <!-- TestNG -->
