<?xml version="1.0" encoding="UTF-8"?>
<!-- Generated by org.testng.reporters.JUnitXMLReporter -->
<testsuite ignored="0" hostname="DESKTOP-VKFA5UJ" failures="0" tests="2" name="Default test" time="0.198" errors="0" timestamp="2021-12-16T21:51:34 EST">
  <testcase classname="Testng.TestngDataProviderTest" name="@BeforeMethod setup" time="-1.639709493427E9">
    <skipped/>
  </testcase> <!-- @BeforeMethod setup -->
  <testcase classname="Testng.TestngDataProviderTest" name="@AfterMethod tearDown" time="-1.63970949352E9">
    <skipped/>
  </testcase> <!-- @AfterMethod tearDown -->
  <testcase classname="Testng.TestngDataProviderTest" name="@BeforeMethod setup" time="-1.639709493525E9">
    <skipped/>
  </testcase> <!-- @BeforeMethod setup -->
  <testcase classname="Testng.TestngDataProviderTest" name="@AfterMethod tearDown" time="-1.639709493606E9">
    <skipped/>
  </testcase> <!-- @AfterMethod tearDown -->
  <testcase classname="Testng.TestngDataProviderTest" name="Read" time="0.0">
    <skipped/>
  </testcase> <!-- Read -->
  <testcase classname="Testng.TestngDataProviderTest" name="Read" time="0.0">
    <skipped/>
  </testcase> <!-- Read -->
</testsuite> <!-- Default test -->
