<?xml version="1.0" encoding="UTF-8"?>
<testng-results ignored="0" total="1" passed="1" failed="0" skipped="0">
  <reporter-output>
  </reporter-output>
  <suite started-at="2022-02-12T12:24:49 EST" name="Suite" finished-at="2022-02-12T12:25:08 EST" duration-ms="18161">
    <groups>
    </groups>
    <test started-at="2022-02-12T12:24:49 EST" name="Test" finished-at="2022-02-12T12:25:08 EST" duration-ms="18161">
      <class name="com.Register.RegistrationMonster">
        <test-method is-config="true" signature="setup()[pri:0, instance:com.Register.RegistrationMonster@6283d8b8]" started-at="2022-02-12T12:24:49 EST" name="setup" finished-at="2022-02-12T12:25:01 EST" duration-ms="11291" status="PASS">
          <reporter-output>
          </reporter-output>
        </test-method> <!-- setup -->
        <test-method signature="action()[pri:0, instance:com.Register.RegistrationMonster@6283d8b8]" started-at="2022-02-12T12:25:01 EST" name="action" finished-at="2022-02-12T12:25:08 EST" duration-ms="6785" status="PASS">
          <reporter-output>
          </reporter-output>
        </test-method> <!-- action -->
        <test-method is-config="true" signature="tearDown()[pri:0, instance:com.Register.RegistrationMonster@6283d8b8]" started-at="2022-02-12T12:25:08 EST" name="tearDown" finished-at="2022-02-12T12:25:08 EST" duration-ms="1" status="PASS">
          <reporter-output>
          </reporter-output>
        </test-method> <!-- tearDown -->
      </class> <!-- com.Register.RegistrationMonster -->
    </test> <!-- Test -->
  </suite> <!-- Suite -->
</testng-results>
