<?xml version="1.0" encoding="UTF-8"?>
<testng-results total="1" passed="1" failed="0" skipped="0">
  <reporter-output>
  </reporter-output>
  <suite started-at="2022-01-30T16:27:16Z" name="Default suite" finished-at="2022-01-30T16:27:17Z" duration-ms="1319">
    <groups>
    </groups>
    <test started-at="2022-01-30T16:27:16Z" name="Default test" finished-at="2022-01-30T16:27:17Z" duration-ms="1319">
      <class name="com.qa.test.PostApiTest">
        <test-method is-config="true" signature="setUp()[pri:0, instance:com.qa.test.PostApiTest@389c4eb1]" started-at="2022-01-30T11:27:16Z" name="setUp" finished-at="2022-01-30T11:27:16Z" duration-ms="8" status="PASS">
          <reporter-output>
          </reporter-output>
        </test-method> <!-- setUp -->
        <test-method signature="PostApiTest()[pri:0, instance:com.qa.test.PostApiTest@389c4eb1]" started-at="2022-01-30T11:27:16Z" name="PostApiTest" finished-at="2022-01-30T11:27:17Z" duration-ms="1290" status="PASS">
          <reporter-output>
          </reporter-output>
        </test-method> <!-- PostApiTest -->
      </class> <!-- com.qa.test.PostApiTest -->
    </test> <!-- Default test -->
  </suite> <!-- Default suite -->
</testng-results>
